<?xml version="1.0" encoding="UTF-8"?>
<!-- Generated by org.testng.reporters.JUnitXMLReporter -->
<testsuite ignored="0" hostname="Rajesh" failures="0" tests="3" name="Default test" time="0.071" errors="0" timestamp="2024-04-21T18:18:05 IST">
  <testcase classname="com.testng.Testngdemo" name="testcase3" time="0.01"/>
  <testcase classname="com.testng.Testngdemo" name="testcase2" time="0.001"/>
  <testcase classname="com.testng.Testngdemo" name="testcase1" time="0.002"/>
</testsuite> <!-- Default test -->
