<?xml version="1.0" encoding="UTF-8"?>
<testng-results ignored="0" total="1" passed="1" failed="0" skipped="0">
  <reporter-output>
  </reporter-output>
  <suite started-at="2024-04-19T13:45:36 IST" name="demomavem.DemoMavenTest" finished-at="2024-04-19T13:45:36 IST" duration-ms="73">
    <groups>
    </groups>
    <test started-at="2024-04-19T13:45:36 IST" name="Command line test" finished-at="2024-04-19T13:45:36 IST" duration-ms="73">
      <class name="demomavem.DemoMavenTest">
        <test-method signature="testcase1()[pri:0, instance:demomavem.DemoMavenTest@229f66ed]" started-at="2024-04-19T13:45:36 IST" name="testcase1" finished-at="2024-04-19T13:45:36 IST" duration-ms="7" status="PASS">
          <reporter-output>
          </reporter-output>
        </test-method> <!-- testcase1 -->
      </class> <!-- demomavem.DemoMavenTest -->
    </test> <!-- Command line test -->
  </suite> <!-- demomavem.DemoMavenTest -->
</testng-results>
