<?xml version="1.0" encoding="UTF-8"?>
<testng-results ignored="0" total="3" passed="3" failed="0" skipped="0">
  <reporter-output>
  </reporter-output>
  <suite started-at="2024-04-21T18:18:05 IST" name="Default suite" finished-at="2024-04-21T18:18:05 IST" duration-ms="71">
    <groups>
    </groups>
    <test started-at="2024-04-21T18:18:05 IST" name="Default test" finished-at="2024-04-21T18:18:05 IST" duration-ms="71">
      <class name="com.testng.Testngdemo">
        <test-method signature="testcase3()[pri:-1, instance:com.testng.Testngdemo@273e7444]" started-at="2024-04-21T18:18:05 IST" name="testcase3" finished-at="2024-04-21T18:18:05 IST" duration-ms="10" status="PASS">
          <reporter-output>
          </reporter-output>
        </test-method> <!-- testcase3 -->
        <test-method signature="testcase2()[pri:1, instance:com.testng.Testngdemo@273e7444]" started-at="2024-04-21T18:18:05 IST" name="testcase2" finished-at="2024-04-21T18:18:05 IST" duration-ms="1" status="PASS">
          <reporter-output>
          </reporter-output>
        </test-method> <!-- testcase2 -->
        <test-method signature="testcase1()[pri:2, instance:com.testng.Testngdemo@273e7444]" started-at="2024-04-21T18:18:05 IST" name="testcase1" finished-at="2024-04-21T18:18:05 IST" duration-ms="2" status="PASS">
          <reporter-output>
          </reporter-output>
        </test-method> <!-- testcase1 -->
      </class> <!-- com.testng.Testngdemo -->
    </test> <!-- Default test -->
  </suite> <!-- Default suite -->
</testng-results>
